<?xml version="1.0" encoding="UTF-8"?>
<!-- Generated by org.testng.reporters.JUnitXMLReporter -->
<testsuite ignored="0" hostname="DESKTOP-2GAOE5D" failures="0" tests="3" name="Default test" time="0.063" errors="0" timestamp="2026-05-20T01:50:12 IST">
  <testcase classname="com.miscPrograms.DemoTest" name="multiply" time="0.012"/>
  <testcase classname="com.miscPrograms.DemoTest" name="subtarct" time="0.003"/>
  <testcase classname="com.miscPrograms.DemoTest" name="sum" time="0.002"/>
</testsuite> <!-- Default test -->
