<?xml version="1.0" encoding="UTF-8"?>
<testng-results ignored="0" total="3" passed="3" failed="0" skipped="0">
  <reporter-output>
  </reporter-output>
  <suite started-at="2026-05-20T01:50:12 IST" name="Default suite" finished-at="2026-05-20T01:50:12 IST" duration-ms="63">
    <groups>
    </groups>
    <test started-at="2026-05-20T01:50:12 IST" name="Default test" finished-at="2026-05-20T01:50:12 IST" duration-ms="63">
      <class name="com.miscPrograms.DemoTest">
        <test-method signature="multiply()[pri:0, instance:com.miscPrograms.DemoTest@149e0f5d]" started-at="2026-05-20T01:50:12 IST" name="multiply" finished-at="2026-05-20T01:50:12 IST" duration-ms="12" status="PASS">
          <reporter-output>
          </reporter-output>
        </test-method> <!-- multiply -->
        <test-method signature="subtarct()[pri:0, instance:com.miscPrograms.DemoTest@149e0f5d]" started-at="2026-05-20T01:50:12 IST" name="subtarct" finished-at="2026-05-20T01:50:12 IST" duration-ms="3" status="PASS">
          <reporter-output>
          </reporter-output>
        </test-method> <!-- subtarct -->
        <test-method signature="sum()[pri:0, instance:com.miscPrograms.DemoTest@149e0f5d]" started-at="2026-05-20T01:50:12 IST" name="sum" finished-at="2026-05-20T01:50:12 IST" duration-ms="2" status="PASS">
          <reporter-output>
          </reporter-output>
        </test-method> <!-- sum -->
      </class> <!-- com.miscPrograms.DemoTest -->
    </test> <!-- Default test -->
  </suite> <!-- Default suite -->
</testng-results>
