<?xml version="1.0" encoding="UTF-8"?>
<!-- Generated by org.testng.reporters.JUnitReportReporter -->
<testsuite hostname="DESKTOP-2GAOE5D" failures="0" tests="3" name="com.miscPrograms.DemoTest" time="0.017" errors="0" timestamp="2026-05-20T01:50:12 IST" skipped="0">
  <testcase classname="com.miscPrograms.DemoTest" name="multiply" time="0.012"/>
  <system-out/>
  <testcase classname="com.miscPrograms.DemoTest" name="subtarct" time="0.003"/>
  <system-out/>
  <testcase classname="com.miscPrograms.DemoTest" name="sum" time="0.002"/>
  <system-out/>
</testsuite> <!-- com.miscPrograms.DemoTest -->
